[debug] [2025-12-02T11:06:23.036Z] ----------------------------------------------------------------------
[debug] [2025-12-02T11:06:23.043Z] Command:       C:\Program Files\nodejs\node.exe C:\Users\usuario\AppData\Roaming\npm\node_modules\firebase-tools\lib\bin\firebase.js deploy --only hosting
[debug] [2025-12-02T11:06:23.044Z] CLI Version:   14.22.0
[debug] [2025-12-02T11:06:23.044Z] Platform:      win32
[debug] [2025-12-02T11:06:23.044Z] Node Version:  v22.20.0
[debug] [2025-12-02T11:06:23.044Z] Time:          Tue Dec 02 2025 12:06:23 GMT+0100 (hora estándar de Europa central)
[debug] [2025-12-02T11:06:23.045Z] ----------------------------------------------------------------------
[debug] 
[debug] [2025-12-02T11:06:23.050Z] >>> [apiv2][query] GET https://firebase-public.firebaseio.com/cli.json [none]
[debug] [2025-12-02T11:06:23.537Z] Object "/extensions" in "firebase.json" has unknown property: {"additionalProperty":"firestore-send-email"}
[debug] [2025-12-02T11:06:23.549Z] > command requires scopes: ["email","openid","https://www.googleapis.com/auth/cloudplatformprojects.readonly","https://www.googleapis.com/auth/firebase","https://www.googleapis.com/auth/cloud-platform"]
[debug] [2025-12-02T11:06:23.550Z] > authorizing via signed-in user (inaviciba@gmail.com)
[debug] [2025-12-02T11:06:23.550Z] [iam] checking project nutricionapp-b7b7d for permissions ["firebase.projects.get","firebasehosting.sites.update"]
[debug] [2025-12-02T11:06:23.552Z] Checked if tokens are valid: false, expires at: 1764611205402
[debug] [2025-12-02T11:06:23.552Z] Checked if tokens are valid: false, expires at: 1764611205402
[debug] [2025-12-02T11:06:23.553Z] > refreshing access token with scopes: []
[debug] [2025-12-02T11:06:23.556Z] >>> [apiv2][query] POST https://www.googleapis.com/oauth2/v3/token [none]
[debug] [2025-12-02T11:06:23.556Z] >>> [apiv2][body] POST https://www.googleapis.com/oauth2/v3/token [omitted]
[debug] [2025-12-02T11:06:23.738Z] <<< [apiv2][status] POST https://www.googleapis.com/oauth2/v3/token 200
[debug] [2025-12-02T11:06:23.738Z] <<< [apiv2][body] POST https://www.googleapis.com/oauth2/v3/token [omitted]
[debug] [2025-12-02T11:06:23.760Z] >>> [apiv2][query] POST https://cloudresourcemanager.googleapis.com/v1/projects/nutricionapp-b7b7d:testIamPermissions [none]
[debug] [2025-12-02T11:06:23.760Z] >>> [apiv2][(partial)header] POST https://cloudresourcemanager.googleapis.com/v1/projects/nutricionapp-b7b7d:testIamPermissions x-goog-quota-user=projects/nutricionapp-b7b7d
[debug] [2025-12-02T11:06:23.760Z] >>> [apiv2][body] POST https://cloudresourcemanager.googleapis.com/v1/projects/nutricionapp-b7b7d:testIamPermissions {"permissions":["firebase.projects.get","firebasehosting.sites.update"]}
[debug] [2025-12-02T11:06:23.860Z] <<< [apiv2][status] GET https://firebase-public.firebaseio.com/cli.json 200
[debug] [2025-12-02T11:06:23.861Z] <<< [apiv2][body] GET https://firebase-public.firebaseio.com/cli.json {"cloudBuildErrorAfter":1594252800000,"cloudBuildWarnAfter":1590019200000,"defaultNode10After":1594252800000,"minVersion":"3.0.5","node8DeploysDisabledAfter":1613390400000,"node8RuntimeDisabledAfter":1615809600000,"node8WarnAfter":1600128000000}
[debug] [2025-12-02T11:06:24.552Z] <<< [apiv2][status] POST https://cloudresourcemanager.googleapis.com/v1/projects/nutricionapp-b7b7d:testIamPermissions 200
[debug] [2025-12-02T11:06:24.552Z] <<< [apiv2][body] POST https://cloudresourcemanager.googleapis.com/v1/projects/nutricionapp-b7b7d:testIamPermissions {}
[debug] [2025-12-02T11:06:24.552Z] [iam] error while checking permissions, command may fail: Authorization failed. This account is missing the following required permissions on project nutricionapp-b7b7d:

  firebase.projects.get
  firebasehosting.sites.update
[debug] [2025-12-02T11:06:24.553Z] Checked if tokens are valid: true, expires at: 1764677182738
[debug] [2025-12-02T11:06:24.553Z] Checked if tokens are valid: true, expires at: 1764677182738
[debug] [2025-12-02T11:06:24.553Z] >>> [apiv2][query] GET https://firebase.googleapis.com/v1beta1/projects/nutricionapp-b7b7d [none]
[debug] [2025-12-02T11:06:24.866Z] <<< [apiv2][status] GET https://firebase.googleapis.com/v1beta1/projects/nutricionapp-b7b7d 403
[debug] [2025-12-02T11:06:24.866Z] <<< [apiv2][body] GET https://firebase.googleapis.com/v1beta1/projects/nutricionapp-b7b7d {"error":{"code":403,"message":"The caller does not have permission","status":"PERMISSION_DENIED"}}
[debug] [2025-12-02T11:06:24.868Z] Request to https://firebase.googleapis.com/v1beta1/projects/nutricionapp-b7b7d had HTTP Error: 403, The caller does not have permission
[debug] [2025-12-02T11:06:25.050Z] FirebaseError: Request to https://firebase.googleapis.com/v1beta1/projects/nutricionapp-b7b7d had HTTP Error: 403, The caller does not have permission
    at responseToError (C:\Users\usuario\AppData\Roaming\npm\node_modules\firebase-tools\lib\responseToError.js:53:12)
    at RetryOperation._fn (C:\Users\usuario\AppData\Roaming\npm\node_modules\firebase-tools\lib\apiv2.js:312:77)
    at process.processTicksAndRejections (node:internal/process/task_queues:105:5)
[error] 
[error] Error: Failed to get Firebase project nutricionapp-b7b7d. Please make sure the project exists and your account has permission to access it.
